Looking in links: https://download.pytorch.org/whl/torch_stable.html
Requirement already satisfied: torch==1.5.0+cu101 in /home/jlpkort/anaconda3/lib/python3.8/site-packages (1.5.0+cu101)
Requirement already satisfied: torchvision==0.6.0+cu101 in /home/jlpkort/anaconda3/lib/python3.8/site-packages (0.6.0+cu101)
Requirement already satisfied: future in /home/jlpkort/anaconda3/lib/python3.8/site-packages (from torch==1.5.0+cu101) (0.18.2)
Requirement already satisfied: numpy in /home/jlpkort/anaconda3/lib/python3.8/site-packages (from torch==1.5.0+cu101) (1.17.4)
Requirement already satisfied: pillow>=4.1.1 in /home/jlpkort/anaconda3/lib/python3.8/site-packages (from torchvision==0.6.0+cu101) (8.2.0)
ERROR: Could not find a version that satisfies the requirement opencv_contrib_python_nonfree==4.1.1.1
ERROR: No matching distribution found for opencv_contrib_python_nonfree==4.1.1.1
wandb: Currently logged in as: tijmenk_ (use `wandb login --relogin` to force relogin)
DATASET:
  CONT_ROOT: ./datasets/CelebAMask-HQ
  IMAGENET: ./datasets/ImageNet/
  MEAN: [0.5, 0.5, 0.5]
  NAME: FFHQ
  RAINDROP_ROOT: ./datasets/raindrop/train20/train
  ROOT: ./datasets/ffhq/images1024x1024
  SIZE: 256
  STD: [0.5, 0.5, 0.5]
MASK:
  ANGLE_RANGE: 0.20943951023931953
  GAUS_K_SIZE: 15
  MAX_NUM_VERTEX: 24
  MAX_REMOVAL_RATIO: 0.5
  MAX_WIDTH: 16
  MEAN_ANGLE: 1.2566370614359172
  MIN_NUM_VERTEX: 8
  MIN_REMOVAL_RATIO: 0.2
  MIN_WIDTH: 8
  NUM_ITER_SMOOTHING: 3
  SIGMA: 4
MODEL:
  D:
    BETAS: (0.5, 0.9)
    DECAY_RATE: 0.5
    LR: 0.001
    NAME: 1-ChOutputDiscriminator
    NUM_CHANNELS: 64
    NUM_CRITICS: 5
    SCHEDULER: []
  IS_TRAIN: True
  JOINT:
    BETAS: (0.5, 0.9)
    DECAY_RATE: 0.5
    LR: 0.0002
    NAME: JointNetwork
    SCHEDULER: []
  MPN:
    BETAS: (0.5, 0.9)
    DECAY_RATE: 0.0
    LOSS_COEFF: 2.0
    LR: 0.001
    NAME: MaskPredictionNetwork
    NECK_CHANNELS: 128
    NUM_CHANNELS: 64
    SCHEDULER: []
  NAME: VCNet
  RAINDROP_LOG_INTERVAL: 20
  RAINDROP_SAVE_INTERVAL: 200
  RAINDROP_TUNE: False
  RAINDROP_VISUALIZE_INTERVAL: 20
  RAINDROP_WEIGHTS: 
  RIN:
    BETAS: (0.5, 0.9)
    DECAY_RATE: 0.0
    EMBRACE: True
    LOSS_COEFF: 1.0
    LR: 0.0001
    NAME: RobustInpaintingNetwork
    NECK_CHANNELS: 128
    NUM_CHANNELS: 32
    SCHEDULER: []
OPTIM:
  ADVERSARIAL: 0.001
  GP: 10
  MASK: 1
  RECON: 1.4
  SEMANTIC: 0.0001
  TEXTURE: 0.001
SYSTEM:
  NUM_GPU: 4
  NUM_WORKERS: 4
TEST:
  ABLATION: False
  BATCH_SIZE: 64
  BRUSH_COLOR: RED
  C_IMG_ID: 38
  FONT: /usr/share/fonts/truetype/dejavu/DejaVuSans-Bold.ttf
  FONT_SIZE: 24
  GRAFFITI_PATH: ./datasets/graffiti-dataset/dataset/graffiti_sample/000001ff0013ffff.p
  IMG_ID: 52
  ITER: 4
  MODE: 7
  OUTPUT_DIR: ./outputs
  TEXT: hello world
  WEIGHTS: None
TRAIN:
  BATCH_SIZE: 4
  LOG_INTERVAL: 1000
  NUM_STEPS_FOR_JOINT: 2000
  NUM_TOTAL_STEP: 40000
  RESUME: False
  SAVE_DIR: ./weights
  SAVE_INTERVAL: 10000
  SHUFFLE: True
  START_STEP: 0
  TUNE: False
  VISUALIZE_INTERVAL: 50
WANDB:
  ENTITY: tijmenk_
  LOG_DIR: 
  NUM_ROW: 0
  PROJECT_NAME: thesis_pytorch
  RUN: 16
wandb: wandb version 0.12.0 is available!  To upgrade, please run:
wandb:  $ pip install wandb --upgrade
wandb: Tracking run with wandb version 0.11.0
wandb: Syncing run hopeful-sound-41
wandb:  View project at https://wandb.ai/tijmenk_/thesis_pytorch
wandb:  View run at https://wandb.ai/tijmenk_/thesis_pytorch/runs/2m3wxy1e
wandb: Run data is saved locally in /home/jlpkort/vcnet-blind-image-inpainting/wandb/run-20210820_134749-2m3wxy1e
wandb: Run `wandb offline` to turn off syncing.
I0820 13:48:41.701780 22831 trainer.py:238] Using 4 GPUs...

W0820 13:48:49.656035 22831 warnings.py:109] /pytorch/aten/src/ATen/native/TensorFactories.cpp:361: UserWarning: Deprecation warning: In a future PyTorch release torch.full will no longer return tensors of floating dtype by default. Instead, a bool fill_value will return a tensor of torch.bool dtype, and an integral fill_value will return a tensor of torch.long dtype. Set the optional `dtype` or `out` arguments to suppress this warning.

slurmstepd: error: *** JOB 8143942 ON r30n4 CANCELLED AT 2021-08-20T14:04:18 ***
